kotlin version: 2.0.21
error message: org.jetbrains.kotlin.backend.common.BackendException: Backend Internal error: Exception during IR lowering
File being compiled: E:/Base44/app/src/main/java/com/example/base44/addToCart_BS.kt
The root cause java.lang.RuntimeException was thrown at: org.jetbrains.kotlin.backend.jvm.codegen.FunctionCodegen.generate(FunctionCodegen.kt:47)
	at org.jetbrains.kotlin.backend.common.CodegenUtil.reportBackendException(CodegenUtil.kt:253)
	at org.jetbrains.kotlin.backend.common.CodegenUtil.reportBackendException$default(CodegenUtil.kt:236)
	at org.jetbrains.kotlin.backend.common.phaser.PerformByIrFilePhase.invokeSequential(performByIrFile.kt:65)
	at org.jetbrains.kotlin.backend.common.phaser.PerformByIrFilePhase.invoke(performByIrFile.kt:52)
	at org.jetbrains.kotlin.backend.common.phaser.PerformByIrFilePhase.invoke(performByIrFile.kt:38)
	at org.jetbrains.kotlin.backend.common.phaser.NamedCompilerPhase.phaseBody(CompilerPhase.kt:166)
	at org.jetbrains.kotlin.backend.common.phaser.AbstractNamedCompilerPhase.invoke(CompilerPhase.kt:113)
	at org.jetbrains.kotlin.backend.common.phaser.CompositePhase.invoke(PhaseBuilders.kt:27)
	at org.jetbrains.kotlin.backend.common.phaser.CompositePhase.invoke(PhaseBuilders.kt:14)
	at org.jetbrains.kotlin.backend.common.phaser.NamedCompilerPhase.phaseBody(CompilerPhase.kt:166)
	at org.jetbrains.kotlin.backend.common.phaser.AbstractNamedCompilerPhase.invoke(CompilerPhase.kt:113)
	at org.jetbrains.kotlin.backend.common.phaser.CompilerPhaseKt.invokeToplevel(CompilerPhase.kt:62)
	at org.jetbrains.kotlin.backend.jvm.JvmIrCodegenFactory.invokeCodegen(JvmIrCodegenFactory.kt:371)
	at org.jetbrains.kotlin.codegen.CodegenFactory.generateModule(CodegenFactory.kt:47)
	at org.jetbrains.kotlin.backend.jvm.JvmIrCodegenFactory.generateModuleInFrontendIRMode(JvmIrCodegenFactory.kt:433)
	at org.jetbrains.kotlin.cli.jvm.compiler.pipeline.JvmCompilerPipelineKt.generateCodeFromIr(jvmCompilerPipeline.kt:246)
	at org.jetbrains.kotlin.cli.jvm.compiler.pipeline.JvmCompilerPipelineKt.compileModulesUsingFrontendIrAndLightTree(jvmCompilerPipeline.kt:142)
	at org.jetbrains.kotlin.cli.jvm.K2JVMCompiler.doExecute(K2JVMCompiler.kt:148)
	at org.jetbrains.kotlin.cli.jvm.K2JVMCompiler.doExecute(K2JVMCompiler.kt:43)
	at org.jetbrains.kotlin.cli.common.CLICompiler.execImpl(CLICompiler.kt:103)
	at org.jetbrains.kotlin.cli.common.CLICompiler.execImpl(CLICompiler.kt:49)
	at org.jetbrains.kotlin.cli.common.CLITool.exec(CLITool.kt:101)
	at org.jetbrains.kotlin.incremental.IncrementalJvmCompilerRunner.runCompiler(IncrementalJvmCompilerRunner.kt:464)
	at org.jetbrains.kotlin.incremental.IncrementalJvmCompilerRunner.runCompiler(IncrementalJvmCompilerRunner.kt:73)
	at org.jetbrains.kotlin.incremental.IncrementalCompilerRunner.doCompile(IncrementalCompilerRunner.kt:506)
	at org.jetbrains.kotlin.incremental.IncrementalCompilerRunner.compileImpl(IncrementalCompilerRunner.kt:423)
	at org.jetbrains.kotlin.incremental.IncrementalCompilerRunner.tryCompileIncrementally$lambda$9$compile(IncrementalCompilerRunner.kt:249)
	at org.jetbrains.kotlin.incremental.IncrementalCompilerRunner.tryCompileIncrementally(IncrementalCompilerRunner.kt:267)
	at org.jetbrains.kotlin.incremental.IncrementalCompilerRunner.compile(IncrementalCompilerRunner.kt:120)
	at org.jetbrains.kotlin.daemon.CompileServiceImplBase.execIncrementalCompiler(CompileServiceImpl.kt:675)
	at org.jetbrains.kotlin.daemon.CompileServiceImplBase.access$execIncrementalCompiler(CompileServiceImpl.kt:92)
	at org.jetbrains.kotlin.daemon.CompileServiceImpl.compile(CompileServiceImpl.kt:1660)
	at java.base/jdk.internal.reflect.DirectMethodHandleAccessor.invoke(Unknown Source)
	at java.base/java.lang.reflect.Method.invoke(Unknown Source)
	at java.rmi/sun.rmi.server.UnicastServerRef.dispatch(Unknown Source)
	at java.rmi/sun.rmi.transport.Transport$1.run(Unknown Source)
	at java.rmi/sun.rmi.transport.Transport$1.run(Unknown Source)
	at java.base/java.security.AccessController.doPrivileged(Unknown Source)
	at java.rmi/sun.rmi.transport.Transport.serviceCall(Unknown Source)
	at java.rmi/sun.rmi.transport.tcp.TCPTransport.handleMessages(Unknown Source)
	at java.rmi/sun.rmi.transport.tcp.TCPTransport$ConnectionHandler.run0(Unknown Source)
	at java.rmi/sun.rmi.transport.tcp.TCPTransport$ConnectionHandler.lambda$run$0(Unknown Source)
	at java.base/java.security.AccessController.doPrivileged(Unknown Source)
	at java.rmi/sun.rmi.transport.tcp.TCPTransport$ConnectionHandler.run(Unknown Source)
	at java.base/java.util.concurrent.ThreadPoolExecutor.runWorker(Unknown Source)
	at java.base/java.util.concurrent.ThreadPoolExecutor$Worker.run(Unknown Source)
	at java.base/java.lang.Thread.run(Unknown Source)
Caused by: java.lang.RuntimeException: Exception while generating code for:
FUN name:createSpinner visibility:private modality:FINAL <> ($this:com.example.base44.MyBottomSheet) returnType:android.widget.Spinner
  $this: VALUE_PARAMETER name:<this> type:com.example.base44.MyBottomSheet
  BLOCK_BODY
    RETURN type=kotlin.Nothing from='private final fun createSpinner (): android.widget.Spinner declared in com.example.base44.MyBottomSheet'
      CALL 'public final fun apply <T> (block: @[ExtensionFunctionType] kotlin.Function1<T of kotlin.StandardKt.apply, kotlin.Unit>): T of kotlin.StandardKt.apply [inline] declared in kotlin.StandardKt' type=android.widget.Spinner origin=null
        <T>: android.widget.Spinner
        $receiver: CONSTRUCTOR_CALL 'public constructor <init> (p0: @[FlexibleNullability] android.content.Context?) declared in android.widget.Spinner' type=android.widget.Spinner origin=null
          p0: CALL 'public final fun requireContext (): @[EnhancedNullability] android.content.Context [fake_override] declared in com.example.base44.MyBottomSheet' type=@[EnhancedNullability] android.content.Context origin=null
            $this: GET_VAR '<this>: com.example.base44.MyBottomSheet declared in com.example.base44.MyBottomSheet.createSpinner' type=com.example.base44.MyBottomSheet origin=null
        block: BLOCK type=@[ExtensionFunctionType] kotlin.Function1<android.widget.Spinner, kotlin.Unit> origin=LAMBDA
          COMPOSITE type=kotlin.Unit origin=null
          FUNCTION_REFERENCE 'private final fun createSpinner$lambda$7 (this$0: com.example.base44.MyBottomSheet): kotlin.Unit declared in com.example.base44.MyBottomSheet' type=@[ExtensionFunctionType] kotlin.Function1<android.widget.Spinner, kotlin.Unit> origin=INLINE_LAMBDA reflectionTarget=null
            this$0: GET_VAR '<this>: com.example.base44.MyBottomSheet declared in com.example.base44.MyBottomSheet.createSpinner' type=com.example.base44.MyBottomSheet origin=null

	at org.jetbrains.kotlin.backend.jvm.codegen.FunctionCodegen.generate(FunctionCodegen.kt:47)
	at org.jetbrains.kotlin.backend.jvm.codegen.FunctionCodegen.generate$default(FunctionCodegen.kt:40)
	at org.jetbrains.kotlin.backend.jvm.codegen.ClassCodegen.generateMethodNode(ClassCodegen.kt:406)
	at org.jetbrains.kotlin.backend.jvm.codegen.ClassCodegen.generateMethod(ClassCodegen.kt:423)
	at org.jetbrains.kotlin.backend.jvm.codegen.ClassCodegen.generate(ClassCodegen.kt:168)
	at org.jetbrains.kotlin.backend.jvm.FileCodegen.lower(JvmPhases.kt:39)
	at org.jetbrains.kotlin.backend.common.phaser.PhaseFactoriesKt.createFilePhase$lambda$4(PhaseFactories.kt:71)
	at org.jetbrains.kotlin.backend.common.phaser.PhaseBuildersKt$createSimpleNamedCompilerPhase$1.phaseBody(PhaseBuilders.kt:69)
	at org.jetbrains.kotlin.backend.common.phaser.SimpleNamedCompilerPhase.phaseBody(CompilerPhase.kt:226)
	at org.jetbrains.kotlin.backend.common.phaser.AbstractNamedCompilerPhase.invoke(CompilerPhase.kt:113)
	at org.jetbrains.kotlin.backend.common.phaser.PerformByIrFilePhase.invokeSequential(performByIrFile.kt:62)
	... 44 more
Caused by: java.lang.RuntimeException: Exception while generating code for:
FUN INLINE_LAMBDA name:createSpinner$lambda$7 visibility:private modality:FINAL <> ($receiver:android.widget.Spinner, this$0:com.example.base44.MyBottomSheet) returnType:kotlin.Unit
  $receiver: VALUE_PARAMETER name:$this$apply type:android.widget.Spinner
  VALUE_PARAMETER BOUND_VALUE_PARAMETER name:this$0 index:0 type:com.example.base44.MyBottomSheet
  BLOCK_BODY
    VAR name:$i$a$-apply-MyBottomSheet$createSpinner$1 type:kotlin.Int [val]
      CONST Int type=kotlin.Int value=0
    CALL 'public open fun setLayoutParams (p0: @[FlexibleNullability] android.view.ViewGroup.LayoutParams?): kotlin.Unit [fake_override] declared in android.widget.Spinner' type=kotlin.Unit origin=EQ
      $this: GET_VAR '$this$apply: android.widget.Spinner declared in com.example.base44.MyBottomSheet.createSpinner$lambda$7' type=android.widget.Spinner origin=null
      p0: CALL 'public final fun apply <T> (block: @[ExtensionFunctionType] kotlin.Function1<T of kotlin.StandardKt.apply, kotlin.Unit>): T of kotlin.StandardKt.apply [inline] declared in kotlin.StandardKt' type=android.widget.TableRow.LayoutParams origin=null
        <T>: android.widget.TableRow.LayoutParams
        $receiver: CONSTRUCTOR_CALL 'public constructor <init> (p0: kotlin.Int, p1: kotlin.Int, p2: kotlin.Float) declared in android.widget.TableRow.LayoutParams' type=android.widget.TableRow.LayoutParams origin=null
          p0: CONST Int type=kotlin.Int value=0
          p1: CALL 'private final fun dpToPx (): kotlin.Int declared in com.example.base44.MyBottomSheet' type=kotlin.Int origin=null
            $this: GET_VAR 'this$0: com.example.base44.MyBottomSheet declared in com.example.base44.MyBottomSheet.createSpinner$lambda$7' type=com.example.base44.MyBottomSheet origin=null
            $receiver: CONST Int type=kotlin.Int value=35
          p2: CONST Float type=kotlin.Float value=1.0
        block: BLOCK type=@[ExtensionFunctionType] kotlin.Function1<android.widget.TableRow.LayoutParams, kotlin.Unit> origin=LAMBDA
          COMPOSITE type=kotlin.Unit origin=null
          FUNCTION_REFERENCE 'private final fun createSpinner$lambda$7$lambda$5 (this$0: com.example.base44.MyBottomSheet): kotlin.Unit declared in com.example.base44.MyBottomSheet' type=@[ExtensionFunctionType] kotlin.Function1<android.widget.TableRow.LayoutParams, kotlin.Unit> origin=INLINE_LAMBDA reflectionTarget=null
            this$0: GET_VAR 'this$0: com.example.base44.MyBottomSheet declared in com.example.base44.MyBottomSheet.createSpinner$lambda$7' type=com.example.base44.MyBottomSheet origin=null
    CALL 'public open fun setBackgroundResource (p0: kotlin.Int): kotlin.Unit [fake_override] declared in android.widget.Spinner' type=kotlin.Unit origin=null
      $this: GET_VAR '$this$apply: android.widget.Spinner declared in com.example.base44.MyBottomSheet.createSpinner$lambda$7' type=android.widget.Spinner origin=null
      p0: CONST Int type=kotlin.Int value=17301510
    VAR name:adapter type:android.widget.ArrayAdapter<@[FlexibleNullability] kotlin.String?> [val]
      CONSTRUCTOR_CALL 'public constructor <init> (p0: @[EnhancedNullability] android.content.Context, p1: kotlin.Int, p2: @[EnhancedNullability] @[FlexibleMutability] kotlin.collections.MutableList<@[FlexibleNullability] T of android.widget.ArrayAdapter?>) declared in android.widget.ArrayAdapter' type=android.widget.ArrayAdapter<@[FlexibleNullability] kotlin.String?> origin=null
        <class: T>: @[FlexibleNullability] kotlin.String?
        p0: CALL 'public final fun requireContext (): @[EnhancedNullability] android.content.Context [fake_override] declared in com.example.base44.MyBottomSheet' type=@[EnhancedNullability] android.content.Context origin=null
          $this: GET_VAR 'this$0: com.example.base44.MyBottomSheet declared in com.example.base44.MyBottomSheet.createSpinner$lambda$7' type=com.example.base44.MyBottomSheet origin=null
        p1: CONST Int type=kotlin.Int value=17367048
        p2: BLOCK type=kotlin.collections.List<kotlin.String> origin=FOLDED_ELVIS
          WHEN type=kotlin.collections.List<kotlin.String> origin=FOLDED_ELVIS
            BRANCH
              if: COMPOSITE type=kotlin.Boolean origin=null
                VAR IR_TEMPORARY_VARIABLE name:tmp0 type:kotlin.collections.List<kotlin.String>? [val]
                  GET_FIELD 'FIELD PROPERTY_BACKING_FIELD name:spinnerValues type:kotlin.collections.List<kotlin.String>? visibility:private' type=kotlin.collections.List<kotlin.String>? origin=null
                    receiver: GET_VAR 'this$0: com.example.base44.MyBottomSheet declared in com.example.base44.MyBottomSheet.createSpinner$lambda$7' type=com.example.base44.MyBottomSheet origin=null
                CALL 'public final fun not (): kotlin.Boolean [operator] declared in kotlin.Boolean' type=kotlin.Boolean origin=null
                  $this: CALL 'public final fun EQEQ (arg0: kotlin.Any?, arg1: kotlin.Any?): kotlin.Boolean declared in kotlin.internal.ir' type=kotlin.Boolean origin=null
                    arg0: GET_VAR 'val tmp0: kotlin.collections.List<kotlin.String>? [val] declared in com.example.base44.MyBottomSheet.createSpinner$lambda$7' type=kotlin.collections.List<kotlin.String>? origin=null
                    arg1: CONST Null type=kotlin.Nothing? value=null
              then: GET_VAR 'val tmp0: kotlin.collections.List<kotlin.String>? [val] declared in com.example.base44.MyBottomSheet.createSpinner$lambda$7' type=kotlin.collections.List<kotlin.String>? origin=null
            BRANCH
              if: CONST Boolean type=kotlin.Boolean value=true
              then: BLOCK type=kotlin.Unit origin=null
                CALL 'public final fun throwUninitializedPropertyAccessException (propertyName: kotlin.String): kotlin.Unit declared in kotlin.jvm.internal.Intrinsics' type=kotlin.Unit origin=null
                  propertyName: CONST String type=kotlin.String value="spinnerValues"
    CALL 'public open fun setDropDownViewResource (p0: kotlin.Int): kotlin.Unit declared in android.widget.ArrayAdapter' type=kotlin.Unit origin=null
      $this: GET_VAR 'val adapter: android.widget.ArrayAdapter<@[FlexibleNullability] kotlin.String?> [val] declared in com.example.base44.MyBottomSheet.createSpinner$lambda$7' type=android.widget.ArrayAdapter<@[FlexibleNullability] kotlin.String?> origin=null
      p0: CONST Int type=kotlin.Int value=17367049
    CALL 'public open fun setAdapter (p0: @[FlexibleNullability] android.widget.SpinnerAdapter?): kotlin.Unit declared in android.widget.Spinner' type=kotlin.Unit origin=EQ
      $this: GET_VAR '$this$apply: android.widget.Spinner declared in com.example.base44.MyBottomSheet.createSpinner$lambda$7' type=android.widget.Spinner origin=null
      p0: GET_VAR 'val adapter: android.widget.ArrayAdapter<@[FlexibleNullability] kotlin.String?> [val] declared in com.example.base44.MyBottomSheet.createSpinner$lambda$7' type=android.widget.ArrayAdapter<@[FlexibleNullability] kotlin.String?> origin=null
    CALL 'public open fun setDropDownVerticalOffset (p0: kotlin.Int): kotlin.Unit declared in android.widget.Spinner' type=kotlin.Unit origin=EQ
      $this: GET_VAR '$this$apply: android.widget.Spinner declared in com.example.base44.MyBottomSheet.createSpinner$lambda$7' type=android.widget.Spinner origin=null
      p0: CALL 'private final fun dpToPx (): kotlin.Int declared in com.example.base44.MyBottomSheet' type=kotlin.Int origin=null
        $this: GET_VAR 'this$0: com.example.base44.MyBottomSheet declared in com.example.base44.MyBottomSheet.createSpinner$lambda$7' type=com.example.base44.MyBottomSheet origin=null
        $receiver: CONST Int type=kotlin.Int value=5
    SET_FIELD 'FIELD IR_EXTERNAL_JAVA_DECLARATION_STUB name:dropDownHeight type:kotlin.Int visibility:public [final,static] declared in android.R.attr' type=kotlin.Unit superQualifierSymbol=android.R.attr origin=EQ
      value: CALL 'private final fun dpToPx (): kotlin.Int declared in com.example.base44.MyBottomSheet' type=kotlin.Int origin=null
        $this: GET_VAR 'this$0: com.example.base44.MyBottomSheet declared in com.example.base44.MyBottomSheet.createSpinner$lambda$7' type=com.example.base44.MyBottomSheet origin=null
        $receiver: CONST Int type=kotlin.Int value=200
    COMPOSITE type=kotlin.Unit origin=null
      CALL 'public open fun post (p0: @[FlexibleNullability] java.lang.Runnable?): kotlin.Boolean [fake_override] declared in android.widget.Spinner' type=kotlin.Boolean origin=null
        $this: GET_VAR '$this$apply: android.widget.Spinner declared in com.example.base44.MyBottomSheet.createSpinner$lambda$7' type=android.widget.Spinner origin=null
        p0: BLOCK type=java.lang.Runnable origin=LAMBDA
          COMPOSITE type=kotlin.Unit origin=null
          CALL 'public final fun <jvm-indy> <T> (dynamicCall: T of kotlin.jvm.internal.<jvm-indy>, bootstrapMethodHandle: kotlin.Any, vararg bootstrapMethodArguments: kotlin.Any): T of kotlin.jvm.internal.<jvm-indy> declared in kotlin.jvm.internal' type=java.lang.Runnable origin=null
            <T>: java.lang.Runnable
            dynamicCall: CALL 'public final fun run (p0: android.widget.Spinner, p1: com.example.base44.MyBottomSheet): java.lang.Runnable declared in kotlin.jvm.internal.invokeDynamic' type=java.lang.Runnable origin=null
              p0: GET_VAR '$this$apply: android.widget.Spinner declared in com.example.base44.MyBottomSheet.createSpinner$lambda$7' type=android.widget.Spinner origin=null
              p1: GET_VAR 'this$0: com.example.base44.MyBottomSheet declared in com.example.base44.MyBottomSheet.createSpinner$lambda$7' type=com.example.base44.MyBottomSheet origin=null
            bootstrapMethodHandle: CALL 'public final fun <jvm-method-handle> (tag: kotlin.Int, owner: kotlin.String, name: kotlin.String, descriptor: kotlin.String, isInterface: kotlin.Boolean): kotlin.Any declared in kotlin.jvm.internal' type=kotlin.Any origin=null
              tag: CONST Int type=kotlin.Int value=6
              owner: CONST String type=kotlin.String value="java/lang/invoke/LambdaMetafactory"
              name: CONST String type=kotlin.String value="metafactory"
              descriptor: CONST String type=kotlin.String value="(Ljava/lang/invoke/MethodHandles$Lookup;Ljava/lang/String;Ljava/lang/invoke/MethodType;Ljava/lang/invoke/MethodType;Ljava/lang/invoke/MethodHandle;Ljava/lang/invoke/MethodType;)Ljava/lang/invoke/CallSite;"
              isInterface: CONST Boolean type=kotlin.Boolean value=false
            bootstrapMethodArguments: VARARG type=kotlin.Array<kotlin.Any> varargElementType=kotlin.Any
              CALL 'public final fun <jvm-original-method-type> (method: kotlin.Any): kotlin.Any declared in kotlin.jvm.internal' type=kotlin.Any origin=null
                method: RAW_FUNCTION_REFERENCE 'public abstract fun run (): kotlin.Unit declared in java.lang.Runnable' type=kotlin.Any
              RAW_FUNCTION_REFERENCE 'private final fun createSpinner$lambda$7$lambda$6 ($this_apply: android.widget.Spinner, this$0: com.example.base44.MyBottomSheet): kotlin.Unit declared in com.example.base44.MyBottomSheet' type=kotlin.Any
              CALL 'public final fun <jvm-original-method-type> (method: kotlin.Any): kotlin.Any declared in kotlin.jvm.internal' type=kotlin.Any origin=null
                method: RAW_FUNCTION_REFERENCE 'public abstract fun run (): kotlin.Unit [fake_override] declared in kotlin.jvm.internal.invokeDynamic.<fake>' type=kotlin.Any
      COMPOSITE type=kotlin.Unit origin=null

	at org.jetbrains.kotlin.backend.jvm.codegen.FunctionCodegen.generate(FunctionCodegen.kt:47)
	at org.jetbrains.kotlin.backend.jvm.codegen.IrSourceCompilerForInline.generateLambdaBody(IrSourceCompilerForInline.kt:67)
	at org.jetbrains.kotlin.codegen.inline.ExpressionLambda.generateLambdaBody(LambdaInfo.kt:72)
	at org.jetbrains.kotlin.backend.jvm.codegen.IrInlineCodegen.genValueAndPut(IrInlineCodegen.kt:100)
	at org.jetbrains.kotlin.backend.jvm.codegen.ExpressionCodegen.visitCall$handleParameter(ExpressionCodegen.kt:616)
	at org.jetbrains.kotlin.backend.jvm.codegen.ExpressionCodegen.visitCall(ExpressionCodegen.kt:644)
	at org.jetbrains.kotlin.backend.jvm.codegen.ExpressionCodegen.visitCall(ExpressionCodegen.kt:138)
	at org.jetbrains.kotlin.ir.expressions.IrCall.accept(IrCall.kt:24)
	at org.jetbrains.kotlin.backend.jvm.codegen.ExpressionCodegen.visitReturn(ExpressionCodegen.kt:1051)
	at org.jetbrains.kotlin.backend.jvm.codegen.ExpressionCodegen.visitReturn(ExpressionCodegen.kt:138)
	at org.jetbrains.kotlin.ir.expressions.IrReturn.accept(IrReturn.kt:24)
	at org.jetbrains.kotlin.backend.jvm.codegen.ExpressionCodegen.visitStatementContainer(ExpressionCodegen.kt:579)
	at org.jetbrains.kotlin.backend.jvm.codegen.ExpressionCodegen.visitBlockBody(ExpressionCodegen.kt:584)
	at org.jetbrains.kotlin.backend.jvm.codegen.ExpressionCodegen.visitBlockBody(ExpressionCodegen.kt:138)
	at org.jetbrains.kotlin.ir.expressions.IrBlockBody.accept(IrBlockBody.kt:20)
	at org.jetbrains.kotlin.backend.jvm.codegen.ExpressionCodegen.generate(ExpressionCodegen.kt:240)
	at org.jetbrains.kotlin.backend.jvm.codegen.FunctionCodegen.doGenerate(FunctionCodegen.kt:123)
	at org.jetbrains.kotlin.backend.jvm.codegen.FunctionCodegen.generate(FunctionCodegen.kt:44)
	... 54 more
Caused by: java.lang.AssertionError: access of const val: SET_FIELD 'FIELD IR_EXTERNAL_JAVA_DECLARATION_STUB name:dropDownHeight type:kotlin.Int visibility:public [final,static] declared in android.R.attr' type=kotlin.Unit superQualifierSymbol=android.R.attr origin=EQ
  value: CALL 'private final fun dpToPx (): kotlin.Int declared in com.example.base44.MyBottomSheet' type=kotlin.Int origin=null
    $this: GET_VAR 'this$0: com.example.base44.MyBottomSheet declared in com.example.base44.MyBottomSheet.createSpinner$lambda$7' type=com.example.base44.MyBottomSheet origin=null
    $receiver: CONST Int type=kotlin.Int value=200

	at org.jetbrains.kotlin.backend.jvm.codegen.ExpressionCodegen.visitFieldAccess(ExpressionCodegen.kt:861)
	at org.jetbrains.kotlin.backend.jvm.codegen.ExpressionCodegen.visitFieldAccess(ExpressionCodegen.kt:138)
	at org.jetbrains.kotlin.ir.visitors.IrElementVisitor$DefaultImpls.visitSetField(IrElementVisitor.kt:206)
	at org.jetbrains.kotlin.backend.jvm.codegen.ExpressionCodegen.visitSetField(ExpressionCodegen.kt:908)
	at org.jetbrains.kotlin.backend.jvm.codegen.ExpressionCodegen.visitSetField(ExpressionCodegen.kt:138)
	at org.jetbrains.kotlin.ir.expressions.IrSetField.accept(IrSetField.kt:21)
	at org.jetbrains.kotlin.backend.jvm.codegen.ExpressionCodegen.visitStatementContainer(ExpressionCodegen.kt:579)
	at org.jetbrains.kotlin.backend.jvm.codegen.ExpressionCodegen.visitBlockBody(ExpressionCodegen.kt:584)
	at org.jetbrains.kotlin.backend.jvm.codegen.ExpressionCodegen.visitBlockBody(ExpressionCodegen.kt:138)
	at org.jetbrains.kotlin.ir.expressions.IrBlockBody.accept(IrBlockBody.kt:20)
	at org.jetbrains.kotlin.backend.jvm.codegen.ExpressionCodegen.generate(ExpressionCodegen.kt:240)
	at org.jetbrains.kotlin.backend.jvm.codegen.FunctionCodegen.doGenerate(FunctionCodegen.kt:123)
	at org.jetbrains.kotlin.backend.jvm.codegen.FunctionCodegen.generate(FunctionCodegen.kt:44)
	... 71 more


